27/03/2013 16:47:40 | Debut Mise en ligne complete (Site):
27/03/2013 16:47:43 | Listing terminé :
27/03/2013 16:47:43 | 

27/03/2013 16:47:44 | * WEFiles-- -- --Folder create
27/03/2013 16:47:44 | * WEFiles/Server-- -- --Folder create
27/03/2013 16:47:44 | * WEFiles/Server/language-- -- --Folder create
27/03/2013 16:47:44 | * WEFiles/Server/class-- -- --Folder create
27/03/2013 16:47:44 | * WEFiles/Image-- -- --Folder create
27/03/2013 16:47:44 | * WEFiles/Image/Skin-- -- --Folder create
27/03/2013 16:47:44 | * WEFiles/Font-- -- --Folder create
27/03/2013 16:47:44 | * WEFiles/Css-- -- --Folder create
27/03/2013 16:47:44 | * WEFiles/Client-- -- --Folder create
27/03/2013 16:47:44 | * WEFiles/Client/jQuery-- -- --Folder create
27/03/2013 16:47:44 | * Templates-- -- --Folder create
27/03/2013 16:47:44 | * Files-- -- --Folder create
27/03/2013 16:47:44 | * Files/Video-- -- --Folder create
27/03/2013 16:47:44 | * Files/Other-- -- --Folder create
27/03/2013 16:47:44 | * Files/Media-- -- --Folder create
27/03/2013 16:47:44 | * Files/Image-- -- --Folder create
27/03/2013 16:47:44 | * Files/Flash-- -- --Folder create
27/03/2013 16:47:44 | * Files/Audio-- -- --Folder create
27/03/2013 16:47:44 | * Data-- -- --Folder create
27/03/2013 16:47:44 | * Backup-- -- --Folder create
27/03/2013 16:47:44 | * Common-- -- --Folder create
27/03/2013 16:47:44 | * Files/Image/Tools-- -- --Folder create
27/03/2013 16:47:44 | * Files/Image/Photos-- -- --Folder create
27/03/2013 16:47:44 | * WEFiles/Image/Gallery-- -- --Folder create
27/03/2013 16:47:44 | * WEFiles/Image/Gallery/587ee62f-ae34-4a96-8e32-f6f10775a8b2-- -- --Folder create
27/03/2013 16:47:44 | * Files\Other-- -- --Folder create
27/03/2013 16:47:44 | * Backup/.htaccess-- -- --33
27/03/2013 16:47:44 | * WEFiles/Client/jQuery/jquery.core.js-- -- --93873
27/03/2013 16:47:44 | * WEFiles/Client/jQuery/jquery.easing.1.3.js-- -- --8097
27/03/2013 16:47:44 | * WEFiles/Client/jQuery/jquery.form.js-- -- --26755
27/03/2013 16:47:44 | * WEFiles/Client/jQuery/jquery.simplemodal.js-- -- --22338
27/03/2013 16:47:44 | * WEFiles/Client/jQuery/jquery.ui.accordion.js-- -- --16269
27/03/2013 16:47:44 | * WEFiles/Client/jQuery/jquery.ui.core.js-- -- --14026
27/03/2013 16:47:44 | * WEFiles/Client/Json.js-- -- --17521
27/03/2013 16:47:44 | * WEFiles/Client/openElement.js-- -- --20753
27/03/2013 16:47:44 | * WEFiles/Client/openElementUI.js-- -- --3436
27/03/2013 16:47:44 | * WEFiles/Client/VarText.js-- -- --3745
27/03/2013 16:47:44 | * WEFiles/Css/openElement.css-- -- --4690
27/03/2013 16:47:44 | * WEFiles/Image/Code.png-- -- --831
27/03/2013 16:47:44 | * WEFiles/Image/delete.png-- -- --1465
27/03/2013 16:47:44 | * WEFiles/Image/empty.png-- -- --184
27/03/2013 16:47:44 | * WEFiles/Image/information2.png-- -- --3246
27/03/2013 16:47:44 | * WEFiles/Image/loading.gif-- -- --1924
27/03/2013 16:47:44 | * WEFiles/Image/mask.png-- -- --213
27/03/2013 16:47:44 | * WEFiles/Image/ModalBackgound.png-- -- --27145
27/03/2013 16:47:44 | * WEFiles/Image/ModalPopupBlock.png-- -- --268
27/03/2013 16:47:44 | * WEFiles/Image/ServerError.png-- -- --2602
27/03/2013 16:47:44 | * WEFiles/Image/WEW3C.png-- -- --1882
27/03/2013 16:47:44 | * WEFiles/Server/class/class-phpmailer.php-- -- --62304
27/03/2013 16:47:44 | * WEFiles/Server/class/class-smtp.php-- -- --32442
27/03/2013 16:47:44 | * WEFiles/Server/class/JSON.php-- -- --34073
27/03/2013 16:47:44 | * WEFiles/Server/language/phpmailer.lang-en.php-- -- --1188
27/03/2013 16:47:44 | * WEFiles/Server/language/phpmailer.lang-fr.php-- -- --1298
27/03/2013 16:47:44 | * WEFiles/Server/openElement.php-- -- --16332
27/03/2013 16:47:44 | * WEFiles/Server/VarText.php-- -- --4306
27/03/2013 16:47:44 | * .htaccess-- -- --0
27/03/2013 16:47:44 | * Contact(var).js-- -- --720
27/03/2013 16:47:44 | * Contact(var).php-- -- --1447
27/03/2013 16:47:44 | * Contact.css-- -- --5715
27/03/2013 16:47:44 | * Files/Image/Tools/QuoteGrey.png-- -- --974
27/03/2013 16:47:44 | * Files/Image/Tools/QuoteBlack.png-- -- --952
27/03/2013 16:47:44 | * Files/Image/Photos/Photo-header2.png-- -- --494229
27/03/2013 16:47:44 | * Files/Image/Tools/IcoMail2.png-- -- --949
27/03/2013 16:47:44 | * Files/Image/Tools/IcoPhone.png-- -- --375
27/03/2013 16:47:44 | * Files/Image/Tools/IcoVcard.png-- -- --739
27/03/2013 16:47:44 | * WEFiles/Image/Skin/26c70838.png-- -- --193
27/03/2013 16:47:44 | * WEFiles/Image/Skin/58294202.png-- -- --825
27/03/2013 16:47:44 | * WEFiles/Image/Skin/c01bce0b.png-- -- --193
27/03/2013 16:47:44 | * WEFiles/Image/Skin/3b9d0c7d.png-- -- --825
27/03/2013 16:47:44 | * WEFiles/Image/Skin/cbb1ae94.png-- -- --193
27/03/2013 16:47:44 | * WEFiles/Image/Skin/966687aa.png-- -- --825
27/03/2013 16:47:44 | * WEFiles/Image/Skin/773f5a87.png-- -- --310
27/03/2013 16:47:44 | * WEFiles/Image/Skin/ab0fec6a.png-- -- --271
27/03/2013 16:47:44 | * WEFiles/Image/Skin/be0cfa7f.png-- -- --304
27/03/2013 16:47:44 | * WEFiles/Image/Skin/5b6b187b.png-- -- --633
27/03/2013 16:47:44 | * WEFiles/Image/Skin/2d3dd74e.png-- -- --278
27/03/2013 16:47:44 | * WEFiles/Image/Skin/502d0704.png-- -- --640
27/03/2013 16:47:44 | * WEFiles/Server/WESendMail_v1-34-3.php-- -- --9586
27/03/2013 16:47:44 | * WEFiles/Client/WESendMail_v1-34-3.js-- -- --9978
27/03/2013 16:47:44 | * WEFiles/Image/Skin/5fa0dfdd.png-- -- --1908
27/03/2013 16:47:44 | * WEFiles/Image/Skin/ad0c580e.png-- -- --1634
27/03/2013 16:47:44 | * WEFiles/Image/Skin/3923336c.png-- -- --484
27/03/2013 16:47:44 | * WEFiles/Image/Skin/ef83d8dd.png-- -- --1679
27/03/2013 16:47:44 | * WEFiles/Image/Skin/69fb0339.png-- -- --239
27/03/2013 16:47:44 | * WEFiles/Image/Skin/2de38b0f.png-- -- --958
27/03/2013 16:47:44 | * WEFiles/Image/Skin/282377b6.png-- -- --922
27/03/2013 16:47:44 | * Files/Image/Tools/IcoHome.png-- -- --1079
27/03/2013 16:47:44 | * Files/Image/Tools/IcoMail.png-- -- --1053
27/03/2013 16:47:44 | * Files/Image/Tools/IcoZoom.png-- -- --1104
27/03/2013 16:47:44 | * Files/Image/Tools/IcoPoint.png-- -- --1079
27/03/2013 16:47:44 | * WEFiles/Image/Skin/b11a5c5c.png-- -- --29764
27/03/2013 16:47:44 | * Contact.htm-- -- --17197
27/03/2013 16:47:44 | * Example(var).js-- -- --1143
27/03/2013 16:47:44 | * Example.css-- -- --4470
27/03/2013 16:47:44 | * WEFiles/Image/Skin/11b3e1c8.png-- -- --448214
27/03/2013 16:47:44 | * WEFiles/Image/Gallery/587ee62f-ae34-4a96-8e32-f6f10775a8b2/11b3e1c8_1.png-- -- --448124
27/03/2013 16:47:44 | * WEFiles/Image/Gallery/587ee62f-ae34-4a96-8e32-f6f10775a8b2/Photo1_1.png-- -- --415545
27/03/2013 16:47:44 | * WEFiles/Image/Skin/6dbca1e0.png-- -- --384
27/03/2013 16:47:44 | * WEFiles/Image/Skin/314719c0.png-- -- --387
27/03/2013 16:47:44 | * WEFiles/Image/Skin/89912c84.png-- -- --54614
27/03/2013 16:47:44 | * WEFiles/Image/Skin/2c9e461e.png-- -- --54153
27/03/2013 16:47:44 | * WEFiles/Image/Skin/28d61833.png-- -- --53894
27/03/2013 16:47:44 | * WEFiles/Image/Skin/7e93ed35.png-- -- --53187
27/03/2013 16:47:44 | * WEFiles/Css/WEGalleryCarrousel1_v1-34-3.css-- -- --819
27/03/2013 16:47:44 | * WEFiles/Client/WEGalleryCarrousel1_v1-34-3.js-- -- --22416
27/03/2013 16:47:44 | * WEFiles/Image/Skin/c7107189.png-- -- --262
27/03/2013 16:47:44 | * WEFiles/Image/Skin/441e7d98.png-- -- --224
27/03/2013 16:47:44 | * WEFiles/Image/Skin/21640b6f.png-- -- --223
27/03/2013 16:47:44 | * WEFiles/Image/Skin/58db3421.png-- -- --168
27/03/2013 16:47:44 | * WEFiles/Image/Skin/b04bec9a.png-- -- --298
27/03/2013 16:47:44 | * WEFiles/Image/Skin/20b4aeba.png-- -- --153
27/03/2013 16:47:44 | * WEFiles/Image/Skin/2f8da542.png-- -- --270
27/03/2013 16:47:44 | * WEFiles/Image/Skin/6ff9973f.png-- -- --597
27/03/2013 16:47:44 | * WEFiles/Image/Skin/31ec4503.png-- -- --221
27/03/2013 16:47:44 | * Files/Image/Tools/Cloud.png-- -- --1374
27/03/2013 16:47:44 | * Example.htm-- -- --13633
27/03/2013 16:47:44 | * index(var).js-- -- --1107
27/03/2013 16:47:44 | * index.css-- -- --12564
27/03/2013 16:47:44 | * WEFiles/Image/Skin/5e53cb37.png-- -- --415635
27/03/2013 16:47:44 | * WEFiles/Image/Gallery/587ee62f-ae34-4a96-8e32-f6f10775a8b2/5e53cb37_1.png-- -- --415545
27/03/2013 16:47:44 | * Files/Image/Photos/Photo1.png-- -- --88079
27/03/2013 16:47:44 | * WEFiles/Image/Skin/8f1cd408.png-- -- --352
27/03/2013 16:47:44 | * Files/Image/Photos/Photo2.png-- -- --119779
27/03/2013 16:47:44 | * WEFiles/Image/Skin/7addfa8a.png-- -- --200
27/03/2013 16:47:44 | * WEFiles/Image/Skin/9157e73a.png-- -- --196
27/03/2013 16:47:44 | * WEFiles/Image/Skin/0a53cb0b.png-- -- --204
27/03/2013 16:47:44 | * WEFiles/Image/Skin/61dddc19.png-- -- --191
27/03/2013 16:47:44 | * WEFiles/Image/Skin/06c3c9bb.png-- -- --179
27/03/2013 16:47:44 | * WEFiles/Image/Skin/4001226b.png-- -- --189
27/03/2013 16:47:44 | * WEFiles/Image/Skin/83d27762.png-- -- --191
27/03/2013 16:47:44 | * WEFiles/Image/Skin/1f93796a.png-- -- --197
27/03/2013 16:47:44 | * WEFiles/Image/Skin/598efcc9.png-- -- --213
27/03/2013 16:47:44 | * WEFiles/Image/Skin/0d9eb596.png-- -- --203
27/03/2013 16:47:44 | * WEFiles/Image/Skin/73918eb6.png-- -- --212
27/03/2013 16:47:44 | * WEFiles/Image/Skin/fb6bf48b.png-- -- --205
27/03/2013 16:47:44 | * WEFiles/Image/Skin/474b2fbc.png-- -- --195
27/03/2013 16:47:44 | * WEFiles/Image/Skin/57cacb96.png-- -- --207
27/03/2013 16:47:44 | * WEFiles/Image/Skin/48badd04.png-- -- --179
27/03/2013 16:47:44 | * WEFiles/Image/Skin/559c501e.png-- -- --209
27/03/2013 16:47:44 | * WEFiles/Image/Skin/96e326ec.png-- -- --320
27/03/2013 16:47:44 | * Files/Image/Photos/Photo3.png-- -- --45491
27/03/2013 16:47:44 | * index.htm-- -- --28071
27/03/2013 16:47:44 | * robots.txt-- -- --22
27/03/2013 16:47:44 | * sitemap.xml-- -- --468
27/03/2013 16:47:44 | * Templates/BaseLayer.css-- -- --3719
27/03/2013 16:47:44 | 
27/03/2013 16:47:44 | 
--------------------------------Phase 1 Terminé--------------------------------
27/03/2013 16:47:44 | 

